\BOOKMARK [1][-]{section.1}{Software Outline}{}% 1
\BOOKMARK [1][-]{section.2}{Module Descriptions}{}% 2
\BOOKMARK [2][-]{subsection.2.1}{Recipe Viewer}{section.2}% 3
\BOOKMARK [2][-]{subsection.2.2}{Recipe Editor}{section.2}% 4
\BOOKMARK [2][-]{subsection.2.3}{Recipe Search}{section.2}% 5
\BOOKMARK [2][-]{subsection.2.4}{MP3 Player}{section.2}% 6
\BOOKMARK [1][-]{section.3}{Feature Descriptions}{}% 7
\BOOKMARK [2][-]{subsection.3.1}{Recipes}{section.3}% 8
\BOOKMARK [2][-]{subsection.3.2}{Timer Bar}{section.3}% 9
\BOOKMARK [2][-]{subsection.3.3}{Image Association}{section.3}% 10
\BOOKMARK [2][-]{subsection.3.4}{Text to Speech}{section.3}% 11
\BOOKMARK [2][-]{subsection.3.5}{HTML Export}{section.3}% 12
\BOOKMARK [2][-]{subsection.3.6}{Cloud Storage/Synchronisation}{section.3}% 13
\BOOKMARK [2][-]{subsection.3.7}{Mobile Application}{section.3}% 14
\BOOKMARK [1][-]{section.4}{Extension Descriptions}{}% 15
\BOOKMARK [2][-]{subsection.4.1}{Voice Commands}{section.4}% 16
\BOOKMARK [2][-]{subsection.4.2}{YouTube Viewer}{section.4}% 17
\BOOKMARK [1][-]{section.5}{Reusable Code}{}% 18
\BOOKMARK [2][-]{subsection.5.1}{Serialisation}{section.5}% 19
\BOOKMARK [3][-]{subsubsection.5.1.1}{Writing an Object to a File}{subsection.5.1}% 20
\BOOKMARK [3][-]{subsubsection.5.1.2}{Reading a File into an Object}{subsection.5.1}% 21
\BOOKMARK [2][-]{subsection.5.2}{Downloading a File from a HTTP Server}{section.5}% 22
